java.lang.reflect.InvocationTargetException
	at sun.reflect.NativeMethodAccessorImpl.invoke0(Native Method)
	at sun.reflect.NativeMethodAccessorImpl.invoke(Unknown Source)
	at sun.reflect.DelegatingMethodAccessorImpl.invoke(Unknown Source)
	at java.lang.reflect.Method.invoke(Unknown Source)
	at org.springframework.boot.loader.MainMethodRunner.run(MainMethodRunner.java:47)
	at org.springframework.boot.loader.Launcher.launch(Launcher.java:86)
	at org.springframework.boot.loader.Launcher.launch(Launcher.java:50)
	at org.springframework.boot.loader.JarLauncher.main(JarLauncher.java:51)
	at sun.reflect.NativeMethodAccessorImpl.invoke0(Native Method)
	at sun.reflect.NativeMethodAccessorImpl.invoke(Unknown Source)
	at sun.reflect.DelegatingMethodAccessorImpl.invoke(Unknown Source)
	at java.lang.reflect.Method.invoke(Unknown Source)
	at com.exe4j.runtime.LauncherEngine.launch(LauncherEngine.java:85)
	at com.exe4j.runtime.WinLauncher.main(WinLauncher.java:94)
Caused by: com.github.dockerjava.api.exception.ConflictException
	at com.github.dockerjava.jaxrs.filter.ResponseStatusExceptionFilter.filter(ResponseStatusExceptionFilter.java:53)
	at org.glassfish.jersey.client.ClientFilteringStages$ResponseFilterStage.apply(ClientFilteringStages.java:133)
	at org.glassfish.jersey.client.ClientFilteringStages$ResponseFilterStage.apply(ClientFilteringStages.java:121)
	at org.glassfish.jersey.process.internal.Stages.process(Stages.java:171)
	at org.glassfish.jersey.client.ClientRuntime.invoke(ClientRuntime.java:283)
	at org.glassfish.jersey.client.JerseyInvocation.lambda$invoke$0(JerseyInvocation.java:753)
	at org.glassfish.jersey.internal.Errors.process(Errors.java:316)
	at org.glassfish.jersey.internal.Errors.process(Errors.java:298)
	at org.glassfish.jersey.internal.Errors.process(Errors.java:229)
	at org.glassfish.jersey.process.internal.RequestScope.runInScope(RequestScope.java:414)
	at org.glassfish.jersey.client.JerseyInvocation.invoke(JerseyInvocation.java:752)
	at org.glassfish.jersey.client.JerseyInvocation$Builder.method(JerseyInvocation.java:419)
	at org.glassfish.jersey.client.JerseyInvocation$Builder.delete(JerseyInvocation.java:368)
	at com.github.dockerjava.jaxrs.RemoveContainerCmdExec.execute(RemoveContainerCmdExec.java:29)
	at com.github.dockerjava.jaxrs.RemoveContainerCmdExec.execute(RemoveContainerCmdExec.java:12)
	at com.github.dockerjava.jaxrs.AbstrSyncDockerCmdExec.exec(AbstrSyncDockerCmdExec.java:23)
	at com.github.dockerjava.core.command.AbstrDockerCmd.exec(AbstrDockerCmd.java:35)
	at com.github.dockerjava.core.command.RemoveContainerCmdImpl.exec(RemoveContainerCmdImpl.java:67)
	at com.kubernetes.base.DockerBase.removeContainer(DockerBase.java:286)
	at com.kubernetes.base.DockerBase.startContainer(DockerBase.java:200)
	at com.kubernetes.service.DockerService.startContainer(DockerService.java:72)
	at com.kubernetes.protocol.DeploymentFirstVisit.runProtocol(DeploymentFirstVisit.java:45)
	at com.kubernetes.Test.main(Test.java:50)
	... 14 more
